This is pdfTeX, Version 3.14159265-2.6-1.40.16 (MiKTeX 2.9) (preloaded format=pdflatex 2016.4.16)  12 MAY 2016 00:12
entering extended mode
**./prezentacja.tex
(prezentacja.tex
LaTeX2e <2015/10/01> patch level 2
Babel <3.9n> and hyphenation patterns for 69 languages loaded.
("e:\Latex\MiKTeX 2.9\tex\latex\beamer\base\beamer.cls"
("e:\Latex\MiKTeX 2.9\tex\latex\beamer\base\beamerbasercs.sty"
Package: beamerbasercs 2015/03/08 (rcs-revision 368aa9ba9d38)
)
Document Class: beamer 2015/01/05 3.36 A class for typesetting presentations (r
cs-revision 8a39122e1f63)
("e:\Latex\MiKTeX 2.9\tex\latex\beamer\base\beamerbasemodes.sty"
Package: beamerbasemodes 2013/09/03 (rcs-revision 768f2d98ca64)
\beamer@tempbox=\box26
\beamer@tempcount=\count79
\c@beamerpauses=\count80

("e:\Latex\MiKTeX 2.9\tex\latex\beamer\base\beamerbasedecode.sty"
Package: beamerbasedecode 2010/05/01 (rcs-revision efa082c6111d)
\beamer@slideinframe=\count81
\beamer@minimum=\count82
)
\beamer@commentbox=\box27
\beamer@modecount=\count83
)
("e:\Latex\MiKTeX 2.9\tex\generic\oberdiek\ifpdf.sty"
Package: ifpdf 2011/01/30 v2.3 Provides the ifpdf switch (HO)
Package ifpdf Info: pdfTeX in PDF mode is detected.
)
\headheight=\dimen102
\headdp=\dimen103
\footheight=\dimen104
\sidebarheight=\dimen105
\beamer@tempdim=\dimen106
\beamer@finalheight=\dimen107
\beamer@animht=\dimen108
\beamer@animdp=\dimen109
\beamer@animwd=\dimen110
\beamer@leftmargin=\dimen111
\beamer@rightmargin=\dimen112
\beamer@leftsidebar=\dimen113
\beamer@rightsidebar=\dimen114
\beamer@boxsize=\dimen115
\beamer@vboxoffset=\dimen116
\beamer@descdefault=\dimen117
\beamer@descriptionwidth=\dimen118
\beamer@lastskip=\skip41
\beamer@areabox=\box28
\beamer@animcurrent=\box29
\beamer@animshowbox=\box30
\beamer@sectionbox=\box31
\beamer@logobox=\box32
\beamer@linebox=\box33
\beamer@sectioncount=\count84
\beamer@subsubsectionmax=\count85
\beamer@subsectionmax=\count86
\beamer@sectionmax=\count87
\beamer@totalheads=\count88
\beamer@headcounter=\count89
\beamer@partstartpage=\count90
\beamer@sectionstartpage=\count91
\beamer@subsectionstartpage=\count92
\beamer@animationtempa=\count93
\beamer@animationtempb=\count94
\beamer@xpos=\count95
\beamer@ypos=\count96
\beamer@showpartnumber=\count97
\beamer@currentsubsection=\count98
\beamer@coveringdepth=\count99
\beamer@sectionadjust=\count100
\beamer@tocsectionnumber=\count101

("e:\Latex\MiKTeX 2.9\tex\latex\beamer\base\beamerbaseoptions.sty"
Package: beamerbaseoptions 2013/03/10 (rcs-revision 47431932db0d)

("e:\Latex\MiKTeX 2.9\tex\latex\graphics\keyval.sty"
Package: keyval 2014/10/28 v1.15 key=value parser (DPC)
\KV@toks@=\toks14
))
\beamer@paperwidth=\skip42
\beamer@paperheight=\skip43

("e:\Latex\MiKTeX 2.9\tex\latex\geometry\geometry.sty"
Package: geometry 2010/09/12 v5.6 Page Geometry

("e:\Latex\MiKTeX 2.9\tex\generic\oberdiek\ifvtex.sty"
Package: ifvtex 2010/03/01 v1.5 Detect VTeX and its facilities (HO)
Package ifvtex Info: VTeX not detected.
)
("e:\Latex\MiKTeX 2.9\tex\generic\ifxetex\ifxetex.sty"
Package: ifxetex 2010/09/12 v0.6 Provides ifxetex conditional
)
\Gm@cnth=\count102
\Gm@cntv=\count103
\c@Gm@tempcnt=\count104
\Gm@bindingoffset=\dimen119
\Gm@wd@mp=\dimen120
\Gm@odd@mp=\dimen121
\Gm@even@mp=\dimen122
\Gm@layoutwidth=\dimen123
\Gm@layoutheight=\dimen124
\Gm@layouthoffset=\dimen125
\Gm@layoutvoffset=\dimen126
\Gm@dimlist=\toks15

("e:\Latex\MiKTeX 2.9\tex\latex\geometry\geometry.cfg"))
("e:\Latex\MiKTeX 2.9\tex\latex\base\size11.clo"
File: size11.clo 2014/09/29 v1.4h Standard LaTeX file (size option)
)
("e:\Latex\MiKTeX 2.9\tex\latex\pgf\basiclayer\pgfcore.sty"
("e:\Latex\MiKTeX 2.9\tex\latex\graphics\graphicx.sty"
Package: graphicx 2014/10/28 v1.0g Enhanced LaTeX Graphics (DPC,SPQR)

("e:\Latex\MiKTeX 2.9\tex\latex\graphics\graphics.sty"
Package: graphics 2014/10/28 v1.0p Standard LaTeX Graphics (DPC,SPQR)

("e:\Latex\MiKTeX 2.9\tex\latex\graphics\trig.sty"
Package: trig 1999/03/16 v1.09 sin cos tan (DPC)
)
("e:\Latex\MiKTeX 2.9\tex\latex\00miktex\graphics.cfg"
File: graphics.cfg 2007/01/18 v1.5 graphics configuration of teTeX/TeXLive
)
Package graphics Info: Driver file: pdftex.def on input line 94.

("e:\Latex\MiKTeX 2.9\tex\latex\pdftex-def\pdftex.def"
File: pdftex.def 2011/05/27 v0.06d Graphics/color for pdfTeX

("e:\Latex\MiKTeX 2.9\tex\generic\oberdiek\infwarerr.sty"
Package: infwarerr 2010/04/08 v1.3 Providing info/warning/error messages (HO)
)
("e:\Latex\MiKTeX 2.9\tex\generic\oberdiek\ltxcmds.sty"
Package: ltxcmds 2011/11/09 v1.22 LaTeX kernel commands for general use (HO)
)
\Gread@gobject=\count105
))
\Gin@req@height=\dimen127
\Gin@req@width=\dimen128
)
("e:\Latex\MiKTeX 2.9\tex\latex\pgf\systemlayer\pgfsys.sty"
("e:\Latex\MiKTeX 2.9\tex\latex\pgf\utilities\pgfrcs.sty"
("e:\Latex\MiKTeX 2.9\tex\generic\pgf\utilities\pgfutil-common.tex"
\pgfutil@everybye=\toks16
\pgfutil@tempdima=\dimen129
\pgfutil@tempdimb=\dimen130

("e:\Latex\MiKTeX 2.9\tex\generic\pgf\utilities\pgfutil-common-lists.tex"))
("e:\Latex\MiKTeX 2.9\tex\generic\pgf\utilities\pgfutil-latex.def"
\pgfutil@abb=\box34

("e:\Latex\MiKTeX 2.9\tex\latex\ms\everyshi.sty"
Package: everyshi 2001/05/15 v3.00 EveryShipout Package (MS)
))
("e:\Latex\MiKTeX 2.9\tex\generic\pgf\utilities\pgfrcs.code.tex"
Package: pgfrcs 2015/08/07 v3.0.1a (rcs-revision 1.31)
))
("e:\Latex\MiKTeX 2.9\tex\generic\pgf\systemlayer\pgfsys.code.tex"
Package: pgfsys 2014/07/09 v3.0.1a (rcs-revision 1.48)

("e:\Latex\MiKTeX 2.9\tex\generic\pgf\utilities\pgfkeys.code.tex"
\pgfkeys@pathtoks=\toks17
\pgfkeys@temptoks=\toks18

("e:\Latex\MiKTeX 2.9\tex\generic\pgf\utilities\pgfkeysfiltered.code.tex"
\pgfkeys@tmptoks=\toks19
))
\pgf@x=\dimen131
\pgf@y=\dimen132
\pgf@xa=\dimen133
\pgf@ya=\dimen134
\pgf@xb=\dimen135
\pgf@yb=\dimen136
\pgf@xc=\dimen137
\pgf@yc=\dimen138
\w@pgf@writea=\write3
\r@pgf@reada=\read1
\c@pgf@counta=\count106
\c@pgf@countb=\count107
\c@pgf@countc=\count108
\c@pgf@countd=\count109
\t@pgf@toka=\toks20
\t@pgf@tokb=\toks21
\t@pgf@tokc=\toks22

("e:\Latex\MiKTeX 2.9\tex\generic\pgf\systemlayer\pgf.cfg"
File: pgf.cfg 2008/05/14  (rcs-revision 1.7)
)
Driver file for pgf: pgfsys-pdftex.def

("e:\Latex\MiKTeX 2.9\tex\generic\pgf\systemlayer\pgfsys-pdftex.def"
File: pgfsys-pdftex.def 2014/10/11  (rcs-revision 1.35)

("e:\Latex\MiKTeX 2.9\tex\generic\pgf\systemlayer\pgfsys-common-pdf.def"
File: pgfsys-common-pdf.def 2013/10/10  (rcs-revision 1.13)
)))
("e:\Latex\MiKTeX 2.9\tex\generic\pgf\systemlayer\pgfsyssoftpath.code.tex"
File: pgfsyssoftpath.code.tex 2013/09/09  (rcs-revision 1.9)
\pgfsyssoftpath@smallbuffer@items=\count110
\pgfsyssoftpath@bigbuffer@items=\count111
)
("e:\Latex\MiKTeX 2.9\tex\generic\pgf\systemlayer\pgfsysprotocol.code.tex"
File: pgfsysprotocol.code.tex 2006/10/16  (rcs-revision 1.4)
))
("e:\Latex\MiKTeX 2.9\tex\latex\xcolor\xcolor.sty"
Package: xcolor 2007/01/21 v2.11 LaTeX color extensions (UK)

("e:\Latex\MiKTeX 2.9\tex\latex\00miktex\color.cfg"
File: color.cfg 2007/01/18 v1.5 color configuration of teTeX/TeXLive
)
Package xcolor Info: Driver file: pdftex.def on input line 225.
Package xcolor Info: Model `cmy' substituted by `cmy0' on input line 1337.
Package xcolor Info: Model `hsb' substituted by `rgb' on input line 1341.
Package xcolor Info: Model `RGB' extended on input line 1353.
Package xcolor Info: Model `HTML' substituted by `rgb' on input line 1355.
Package xcolor Info: Model `Hsb' substituted by `hsb' on input line 1356.
Package xcolor Info: Model `tHsb' substituted by `hsb' on input line 1357.
Package xcolor Info: Model `HSB' substituted by `hsb' on input line 1358.
Package xcolor Info: Model `Gray' substituted by `gray' on input line 1359.
Package xcolor Info: Model `wave' substituted by `hsb' on input line 1360.
)
("e:\Latex\MiKTeX 2.9\tex\generic\pgf\basiclayer\pgfcore.code.tex"
Package: pgfcore 2010/04/11 v3.0.1a (rcs-revision 1.7)

("e:\Latex\MiKTeX 2.9\tex\generic\pgf\math\pgfmath.code.tex"
("e:\Latex\MiKTeX 2.9\tex\generic\pgf\math\pgfmathcalc.code.tex"
("e:\Latex\MiKTeX 2.9\tex\generic\pgf\math\pgfmathutil.code.tex")
("e:\Latex\MiKTeX 2.9\tex\generic\pgf\math\pgfmathparser.code.tex"
\pgfmath@dimen=\dimen139
\pgfmath@count=\count112
\pgfmath@box=\box35
\pgfmath@toks=\toks23
\pgfmath@stack@operand=\toks24
\pgfmath@stack@operation=\toks25
)
("e:\Latex\MiKTeX 2.9\tex\generic\pgf\math\pgfmathfunctions.code.tex"
("e:\Latex\MiKTeX 2.9\tex\generic\pgf\math\pgfmathfunctions.basic.code.tex")
("e:\Latex\MiKTeX 2.9\tex\generic\pgf\math\pgfmathfunctions.trigonometric.code.
tex")
("e:\Latex\MiKTeX 2.9\tex\generic\pgf\math\pgfmathfunctions.random.code.tex")
("e:\Latex\MiKTeX 2.9\tex\generic\pgf\math\pgfmathfunctions.comparison.code.tex
") ("e:\Latex\MiKTeX 2.9\tex\generic\pgf\math\pgfmathfunctions.base.code.tex")
("e:\Latex\MiKTeX 2.9\tex\generic\pgf\math\pgfmathfunctions.round.code.tex")
("e:\Latex\MiKTeX 2.9\tex\generic\pgf\math\pgfmathfunctions.misc.code.tex")
("e:\Latex\MiKTeX 2.9\tex\generic\pgf\math\pgfmathfunctions.integerarithmetics.
code.tex"))) ("e:\Latex\MiKTeX 2.9\tex\generic\pgf\math\pgfmathfloat.code.tex"
\c@pgfmathroundto@lastzeros=\count113
)) ("e:\Latex\MiKTeX 2.9\tex\generic\pgf\basiclayer\pgfcorepoints.code.tex"
File: pgfcorepoints.code.tex 2013/10/07  (rcs-revision 1.27)
\pgf@picminx=\dimen140
\pgf@picmaxx=\dimen141
\pgf@picminy=\dimen142
\pgf@picmaxy=\dimen143
\pgf@pathminx=\dimen144
\pgf@pathmaxx=\dimen145
\pgf@pathminy=\dimen146
\pgf@pathmaxy=\dimen147
\pgf@xx=\dimen148
\pgf@xy=\dimen149
\pgf@yx=\dimen150
\pgf@yy=\dimen151
\pgf@zx=\dimen152
\pgf@zy=\dimen153
)
("e:\Latex\MiKTeX 2.9\tex\generic\pgf\basiclayer\pgfcorepathconstruct.code.tex"
File: pgfcorepathconstruct.code.tex 2013/10/07  (rcs-revision 1.29)
\pgf@path@lastx=\dimen154
\pgf@path@lasty=\dimen155
) ("e:\Latex\MiKTeX 2.9\tex\generic\pgf\basiclayer\pgfcorepathusage.code.tex"
File: pgfcorepathusage.code.tex 2014/11/02  (rcs-revision 1.24)
\pgf@shorten@end@additional=\dimen156
\pgf@shorten@start@additional=\dimen157
)
("e:\Latex\MiKTeX 2.9\tex\generic\pgf\basiclayer\pgfcorescopes.code.tex"
File: pgfcorescopes.code.tex 2015/05/08  (rcs-revision 1.46)
\pgfpic=\box36
\pgf@hbox=\box37
\pgf@layerbox@main=\box38
\pgf@picture@serial@count=\count114
)
("e:\Latex\MiKTeX 2.9\tex\generic\pgf\basiclayer\pgfcoregraphicstate.code.tex"
File: pgfcoregraphicstate.code.tex 2014/11/02  (rcs-revision 1.12)
\pgflinewidth=\dimen158
)
("e:\Latex\MiKTeX 2.9\tex\generic\pgf\basiclayer\pgfcoretransformations.code.te
x"
File: pgfcoretransformations.code.tex 2015/08/07  (rcs-revision 1.20)
\pgf@pt@x=\dimen159
\pgf@pt@y=\dimen160
\pgf@pt@temp=\dimen161
) ("e:\Latex\MiKTeX 2.9\tex\generic\pgf\basiclayer\pgfcorequick.code.tex"
File: pgfcorequick.code.tex 2008/10/09  (rcs-revision 1.3)
)
("e:\Latex\MiKTeX 2.9\tex\generic\pgf\basiclayer\pgfcoreobjects.code.tex"
File: pgfcoreobjects.code.tex 2006/10/11  (rcs-revision 1.2)
)
("e:\Latex\MiKTeX 2.9\tex\generic\pgf\basiclayer\pgfcorepathprocessing.code.tex
"
File: pgfcorepathprocessing.code.tex 2013/09/09  (rcs-revision 1.9)
) ("e:\Latex\MiKTeX 2.9\tex\generic\pgf\basiclayer\pgfcorearrows.code.tex"
File: pgfcorearrows.code.tex 2015/05/14  (rcs-revision 1.43)
\pgfarrowsep=\dimen162
)
("e:\Latex\MiKTeX 2.9\tex\generic\pgf\basiclayer\pgfcoreshade.code.tex"
File: pgfcoreshade.code.tex 2013/07/15  (rcs-revision 1.15)
\pgf@max=\dimen163
\pgf@sys@shading@range@num=\count115
)
("e:\Latex\MiKTeX 2.9\tex\generic\pgf\basiclayer\pgfcoreimage.code.tex"
File: pgfcoreimage.code.tex 2013/07/15  (rcs-revision 1.18)

("e:\Latex\MiKTeX 2.9\tex\generic\pgf\basiclayer\pgfcoreexternal.code.tex"
File: pgfcoreexternal.code.tex 2014/07/09  (rcs-revision 1.21)
\pgfexternal@startupbox=\box39
))
("e:\Latex\MiKTeX 2.9\tex\generic\pgf\basiclayer\pgfcorelayers.code.tex"
File: pgfcorelayers.code.tex 2013/07/18  (rcs-revision 1.7)
)
("e:\Latex\MiKTeX 2.9\tex\generic\pgf\basiclayer\pgfcoretransparency.code.tex"
File: pgfcoretransparency.code.tex 2013/09/30  (rcs-revision 1.5)
) ("e:\Latex\MiKTeX 2.9\tex\generic\pgf\basiclayer\pgfcorepatterns.code.tex"
File: pgfcorepatterns.code.tex 2013/11/07  (rcs-revision 1.5)
)))
("e:\Latex\MiKTeX 2.9\tex\latex\pgf\utilities\xxcolor.sty"
Package: xxcolor 2003/10/24 ver 0.1
\XC@nummixins=\count116
\XC@countmixins=\count117
)
("e:\Latex\MiKTeX 2.9\tex\generic\oberdiek\atbegshi.sty"
Package: atbegshi 2011/10/05 v1.16 At begin shipout hook (HO)
)
("e:\Latex\MiKTeX 2.9\tex\latex\hyperref\hyperref.sty"
Package: hyperref 2012/11/06 v6.83m Hypertext links for LaTeX

("e:\Latex\MiKTeX 2.9\tex\generic\oberdiek\hobsub-hyperref.sty"
Package: hobsub-hyperref 2012/04/25 v1.12 Bundle oberdiek, subset hyperref (HO)


("e:\Latex\MiKTeX 2.9\tex\generic\oberdiek\hobsub-generic.sty"
Package: hobsub-generic 2012/04/25 v1.12 Bundle oberdiek, subset generic (HO)
Package: hobsub 2012/04/25 v1.12 Construct package bundles (HO)
Package hobsub Info: Skipping package `infwarerr' (already loaded).
Package hobsub Info: Skipping package `ltxcmds' (already loaded).
Package: ifluatex 2010/03/01 v1.3 Provides the ifluatex switch (HO)
Package ifluatex Info: LuaTeX not detected.
Package hobsub Info: Skipping package `ifvtex' (already loaded).
Package: intcalc 2007/09/27 v1.1 Expandable calculations with integers (HO)
Package hobsub Info: Skipping package `ifpdf' (already loaded).
Package: etexcmds 2011/02/16 v1.5 Avoid name clashes with e-TeX commands (HO)
Package etexcmds Info: Could not find \expanded.
(etexcmds)             That can mean that you are not using pdfTeX 1.50 or
(etexcmds)             that some package has redefined \expanded.
(etexcmds)             In the latter case, load this package earlier.
Package: kvsetkeys 2012/04/25 v1.16 Key value parser (HO)
Package: kvdefinekeys 2011/04/07 v1.3 Define keys (HO)
Package: pdftexcmds 2011/11/29 v0.20 Utility functions of pdfTeX for LuaTeX (HO
)
Package pdftexcmds Info: LuaTeX not detected.
Package pdftexcmds Info: \pdf@primitive is available.
Package pdftexcmds Info: \pdf@ifprimitive is available.
Package pdftexcmds Info: \pdfdraftmode found.
Package: pdfescape 2011/11/25 v1.13 Implements pdfTeX's escape features (HO)
Package: bigintcalc 2012/04/08 v1.3 Expandable calculations on big integers (HO
)
Package: bitset 2011/01/30 v1.1 Handle bit-vector datatype (HO)
Package: uniquecounter 2011/01/30 v1.2 Provide unlimited unique counter (HO)
)
Package hobsub Info: Skipping package `hobsub' (already loaded).
Package: letltxmacro 2010/09/02 v1.4 Let assignment for LaTeX macros (HO)
Package: hopatch 2011/06/24 v1.1 Wrapper for package hooks (HO)
Package: xcolor-patch 2011/01/30 xcolor patch
Package: atveryend 2011/06/30 v1.8 Hooks at the very end of document (HO)
Package atveryend Info: \enddocument detected (standard20110627).
Package hobsub Info: Skipping package `atbegshi' (already loaded).
Package: refcount 2011/10/16 v3.4 Data extraction from label references (HO)
Package: hycolor 2011/01/30 v1.7 Color options for hyperref/bookmark (HO)
)
("e:\Latex\MiKTeX 2.9\tex\latex\oberdiek\auxhook.sty"
Package: auxhook 2011/03/04 v1.3 Hooks for auxiliary files (HO)
)
("e:\Latex\MiKTeX 2.9\tex\latex\oberdiek\kvoptions.sty"
Package: kvoptions 2011/06/30 v3.11 Key value format for package options (HO)
)
\@linkdim=\dimen164
\Hy@linkcounter=\count118
\Hy@pagecounter=\count119

("e:\Latex\MiKTeX 2.9\tex\latex\hyperref\pd1enc.def"
File: pd1enc.def 2012/11/06 v6.83m Hyperref: PDFDocEncoding definition (HO)
)
\Hy@SavedSpaceFactor=\count120

("e:\Latex\MiKTeX 2.9\tex\latex\00miktex\hyperref.cfg"
File: hyperref.cfg 2002/06/06 v1.2 hyperref configuration of TeXLive
)
Package hyperref Info: Option `bookmarks' set `true' on input line 4319.
Package hyperref Info: Option `bookmarksopen' set `true' on input line 4319.
Package hyperref Info: Option `implicit' set `false' on input line 4319.
Package hyperref Info: Hyper figures OFF on input line 4443.
Package hyperref Info: Link nesting OFF on input line 4448.
Package hyperref Info: Hyper index ON on input line 4451.
Package hyperref Info: Plain pages OFF on input line 4458.
Package hyperref Info: Backreferencing OFF on input line 4463.
Package hyperref Info: Implicit mode OFF; no redefinition of LaTeX internals.
Package hyperref Info: Bookmarks ON on input line 4688.
\c@Hy@tempcnt=\count121

("e:\Latex\MiKTeX 2.9\tex\latex\url\url.sty"
\Urlmuskip=\muskip10
Package: url 2013/09/16  ver 3.4  Verb mode for urls, etc.
)
LaTeX Info: Redefining \url on input line 5041.
\XeTeXLinkMargin=\dimen165
\Fld@menulength=\count122
\Field@Width=\dimen166
\Fld@charsize=\dimen167
Package hyperref Info: Hyper figures OFF on input line 6295.
Package hyperref Info: Link nesting OFF on input line 6300.
Package hyperref Info: Hyper index ON on input line 6303.
Package hyperref Info: backreferencing OFF on input line 6310.
Package hyperref Info: Link coloring OFF on input line 6315.
Package hyperref Info: Link coloring with OCG OFF on input line 6320.
Package hyperref Info: PDF/A mode OFF on input line 6325.
LaTeX Info: Redefining \ref on input line 6365.
LaTeX Info: Redefining \pageref on input line 6369.
\Hy@abspage=\count123


Package hyperref Message: Stopped early.

)

Package hyperref Message: Driver (autodetected): hpdftex.

("e:\Latex\MiKTeX 2.9\tex\latex\hyperref\hpdftex.def"
File: hpdftex.def 2012/11/06 v6.83m Hyperref driver for pdfTeX
\Fld@listcount=\count124
\c@bookmark@seq@number=\count125

("e:\Latex\MiKTeX 2.9\tex\latex\oberdiek\rerunfilecheck.sty"
Package: rerunfilecheck 2011/04/15 v1.7 Rerun checks for auxiliary files (HO)
Package uniquecounter Info: New unique counter `rerunfilecheck' on input line 2
82.
))
("e:\Latex\MiKTeX 2.9\tex\latex\beamer\base\beamerbaserequires.sty"
Package: beamerbaserequires 2010/05/01  (rcs-revision efa082c6111d)

("e:\Latex\MiKTeX 2.9\tex\latex\beamer\base\beamerbasecompatibility.sty"
Package: beamerbasecompatibility 2012/05/01  (rcs-revision 67c48b3b652d)
)
("e:\Latex\MiKTeX 2.9\tex\latex\beamer\base\beamerbasefont.sty"
Package: beamerbasefont 2015/01/05  (rcs-revision b4b4bee242e2)

("e:\Latex\MiKTeX 2.9\tex\latex\amsfonts\amssymb.sty"
Package: amssymb 2013/01/14 v3.01 AMS font symbols

("e:\Latex\MiKTeX 2.9\tex\latex\amsfonts\amsfonts.sty"
Package: amsfonts 2013/01/14 v3.01 Basic AMSFonts support
\@emptytoks=\toks26
\symAMSa=\mathgroup4
\symAMSb=\mathgroup5
LaTeX Font Info:    Overwriting math alphabet `\mathfrak' in version `bold'
(Font)                  U/euf/m/n --> U/euf/b/n on input line 106.
))
("e:\Latex\MiKTeX 2.9\tex\latex\sansmathaccent\sansmathaccent.sty"
Package: sansmathaccent 2013/03/28

("e:\Latex\MiKTeX 2.9\tex\latex\filehook\filehook.sty"
Package: filehook 2011/10/12 v0.5d Hooks for input files
)))
("e:\Latex\MiKTeX 2.9\tex\latex\beamer\base\beamerbasetranslator.sty"
Package: beamerbasetranslator 2010/06/11  (rcs-revision 85fd1cc7fc42)

("e:\Latex\MiKTeX 2.9\tex\latex\beamer\base\translator\translator.sty"
Package: translator 2010/06/12 ver 1.10

("e:\Latex\MiKTeX 2.9\tex\latex\beamer\base\translator\translator-language-mapp
ings.tex"))) ("e:\Latex\MiKTeX 2.9\tex\latex\beamer\base\beamerbasemisc.sty"
Package: beamerbasemisc 2013/09/03  (rcs-revision a55719c41d85)
)
("e:\Latex\MiKTeX 2.9\tex\latex\beamer\base\beamerbasetwoscreens.sty"
Package: beamerbasetwoscreens 2010/05/01  (rcs-revision efa082c6111d)
)
("e:\Latex\MiKTeX 2.9\tex\latex\beamer\base\beamerbaseoverlay.sty"
Package: beamerbaseoverlay 2013/12/25  (rcs-revision f6bd5e3805da)
\beamer@argscount=\count126
\beamer@lastskipcover=\skip44
\beamer@trivlistdepth=\count127
)
("e:\Latex\MiKTeX 2.9\tex\latex\beamer\base\beamerbasetitle.sty"
Package: beamerbasetitle 2010/09/21  (rcs-revision f0446ed0b6ae)
)
("e:\Latex\MiKTeX 2.9\tex\latex\beamer\base\beamerbasesection.sty"
Package: beamerbasesection 2013/06/07  (rcs-revision 60b9fe0f342f)
\c@lecture=\count128
\c@part=\count129
\c@section=\count130
\c@subsection=\count131
\c@subsubsection=\count132
)
("e:\Latex\MiKTeX 2.9\tex\latex\beamer\base\beamerbaseframe.sty"
Package: beamerbaseframe 2014/02/20  (rcs-revision 4b8ceeeff434)
\beamer@framebox=\box40
\beamer@frametitlebox=\box41
\beamer@zoombox=\box42
\beamer@zoomcount=\count133
\beamer@zoomframecount=\count134
\beamer@frametextheight=\dimen168
\c@subsectionslide=\count135
\beamer@frametopskip=\skip45
\beamer@framebottomskip=\skip46
\beamer@frametopskipautobreak=\skip47
\beamer@framebottomskipautobreak=\skip48
\beamer@envbody=\toks27
\framewidth=\dimen169
\c@framenumber=\count136
)
("e:\Latex\MiKTeX 2.9\tex\latex\beamer\base\beamerbaseverbatim.sty"
Package: beamerbaseverbatim 2015/01/05  (rcs-revision 431510bb5890)
\beamer@verbatimfileout=\write4
)
("e:\Latex\MiKTeX 2.9\tex\latex\beamer\base\beamerbaseframesize.sty"
Package: beamerbaseframesize 2011/09/12  (rcs-revision 70f9d8411e54)
\beamer@splitbox=\box43
\beamer@autobreakcount=\count137
\beamer@autobreaklastheight=\dimen170
\beamer@frametitletoks=\toks28
\beamer@framesubtitletoks=\toks29
)
("e:\Latex\MiKTeX 2.9\tex\latex\beamer\base\beamerbaseframecomponents.sty"
Package: beamerbaseframecomponents 2013/10/18  (rcs-revision 5cf6c5555a45)
\beamer@footins=\box44
)
("e:\Latex\MiKTeX 2.9\tex\latex\beamer\base\beamerbasecolor.sty"
Package: beamerbasecolor 2015/02/21  (rcs-revision d944b04ee2d5)
)
("e:\Latex\MiKTeX 2.9\tex\latex\beamer\base\beamerbasenotes.sty"
Package: beamerbasenotes 2012/12/19  (rcs-revision 1686da3db3c9)
\beamer@frameboxcopy=\box45
)
("e:\Latex\MiKTeX 2.9\tex\latex\beamer\base\beamerbasetoc.sty"
Package: beamerbasetoc 2015/03/08  (rcs-revision 7270298bbaae)
)
("e:\Latex\MiKTeX 2.9\tex\latex\beamer\base\beamerbasetemplates.sty"
Package: beamerbasetemplates 2010/05/01  (rcs-revision efa082c6111d)
\beamer@sbttoks=\toks30

("e:\Latex\MiKTeX 2.9\tex\latex\beamer\base\beamerbaseauxtemplates.sty"
Package: beamerbaseauxtemplates 2014/06/30  (rcs-revision 580088513a67)

("e:\Latex\MiKTeX 2.9\tex\latex\beamer\base\beamerbaseboxes.sty"
Package: beamerbaseboxes 2012/05/13  (rcs-revision 56972908a390)
\bmb@box=\box46
\bmb@colorbox=\box47
\bmb@boxshadow=\box48
\bmb@boxshadowball=\box49
\bmb@boxshadowballlarge=\box50
\bmb@temp=\dimen171
\bmb@dima=\dimen172
\bmb@dimb=\dimen173
\bmb@prevheight=\dimen174
)
\beamer@blockheadheight=\dimen175
))
("e:\Latex\MiKTeX 2.9\tex\latex\beamer\base\beamerbaselocalstructure.sty"
Package: beamerbaselocalstructure 2014/09/10  (rcs-revision 393f6dcff371)

("e:\Latex\MiKTeX 2.9\tex\latex\tools\enumerate.sty"
Package: enumerate 2015/07/23 v3.00 enumerate extensions (DPC)
\@enLab=\toks31
)
\c@figure=\count138
\c@table=\count139
\abovecaptionskip=\skip49
\belowcaptionskip=\skip50
)
("e:\Latex\MiKTeX 2.9\tex\latex\beamer\base\beamerbasenavigation.sty"
Package: beamerbasenavigation 2015/02/27  (rcs-revision 923f4bf87efa)
\beamer@section@min@dim=\dimen176
)
("e:\Latex\MiKTeX 2.9\tex\latex\beamer\base\beamerbasetheorems.sty"
Package: beamerbasetheorems 2010/06/06  (rcs-revision 7e7cc5e53e9d)

("e:\Latex\MiKTeX 2.9\tex\latex\amsmath\amsmath.sty"
Package: amsmath 2013/01/14 v2.14 AMS math features
\@mathmargin=\skip51

For additional information on amsmath, use the `?' option.
("e:\Latex\MiKTeX 2.9\tex\latex\amsmath\amstext.sty"
Package: amstext 2000/06/29 v2.01

("e:\Latex\MiKTeX 2.9\tex\latex\amsmath\amsgen.sty"
File: amsgen.sty 1999/11/30 v2.0
\@emptytoks=\toks32
\ex@=\dimen177
))
("e:\Latex\MiKTeX 2.9\tex\latex\amsmath\amsbsy.sty"
Package: amsbsy 1999/11/29 v1.2d
\pmbraise@=\dimen178
)
("e:\Latex\MiKTeX 2.9\tex\latex\amsmath\amsopn.sty"
Package: amsopn 1999/12/14 v2.01 operator names
)
\inf@bad=\count140
LaTeX Info: Redefining \frac on input line 210.
\uproot@=\count141
\leftroot@=\count142
LaTeX Info: Redefining \overline on input line 306.
\classnum@=\count143
\DOTSCASE@=\count144
LaTeX Info: Redefining \ldots on input line 378.
LaTeX Info: Redefining \dots on input line 381.
LaTeX Info: Redefining \cdots on input line 466.
\Mathstrutbox@=\box51
\strutbox@=\box52
\big@size=\dimen179
LaTeX Font Info:    Redeclaring font encoding OML on input line 566.
LaTeX Font Info:    Redeclaring font encoding OMS on input line 567.
\macc@depth=\count145
\c@MaxMatrixCols=\count146
\dotsspace@=\muskip11
\c@parentequation=\count147
\dspbrk@lvl=\count148
\tag@help=\toks33
\row@=\count149
\column@=\count150
\maxfields@=\count151
\andhelp@=\toks34
\eqnshift@=\dimen180
\alignsep@=\dimen181
\tagshift@=\dimen182
\tagwidth@=\dimen183
\totwidth@=\dimen184
\lineht@=\dimen185
\@envbody=\toks35
\multlinegap=\skip52
\multlinetaggap=\skip53
\mathdisplay@stack=\toks36
LaTeX Info: Redefining \[ on input line 2665.
LaTeX Info: Redefining \] on input line 2666.
)
("e:\Latex\MiKTeX 2.9\tex\latex\amscls\amsthm.sty"
Package: amsthm 2015/03/04 v2.20.2
\thm@style=\toks37
\thm@bodyfont=\toks38
\thm@headfont=\toks39
\thm@notefont=\toks40
\thm@headpunct=\toks41
\thm@preskip=\skip54
\thm@postskip=\skip55
\thm@headsep=\skip56
\dth@everypar=\toks42
)
\c@theorem=\count152
)
("e:\Latex\MiKTeX 2.9\tex\latex\beamer\base\beamerbasethemes.sty"
Package: beamerbasethemes 2010/05/01  (rcs-revision efa082c6111d)
))
("e:\Latex\MiKTeX 2.9\tex\latex\beamer\base\themes\theme\beamerthemedefault.sty
"
Package: beamerthemedefault 2010/06/17  (rcs-revision d02a7cf4d8ae)

("e:\Latex\MiKTeX 2.9\tex\latex\beamer\base\themes\font\beamerfontthemedefault.
sty"
Package: beamerfontthemedefault 2012/12/19  (rcs-revision 1686da3db3c9)
)
("e:\Latex\MiKTeX 2.9\tex\latex\beamer\base\themes\color\beamercolorthemedefaul
t.sty"
Package: beamercolorthemedefault 2012/12/19  (rcs-revision 1686da3db3c9)
)
("e:\Latex\MiKTeX 2.9\tex\latex\beamer\base\themes\inner\beamerinnerthemedefaul
t.sty"
Package: beamerinnerthemedefault 2014/06/30  (rcs-revision 580088513a67)
\beamer@dima=\dimen186
\beamer@dimb=\dimen187
)
("e:\Latex\MiKTeX 2.9\tex\latex\beamer\base\themes\outer\beamerouterthemedefaul
t.sty"
Package: beamerouterthemedefault 2012/12/19  (rcs-revision 1686da3db3c9)
))) ("e:\Latex\MiKTeX 2.9\tex\latex\polski\polski.sty"
Package: polski 2008/02/24 v1.3.3 Polish language package

Document language package `polski' v1.3.3 <2008/02/24>
\l@nohyphenation=\language70
   Switching to Polish text encoding and Polish maths fonts.
("e:\Latex\MiKTeX 2.9\tex\latex\base\ot4enc.def"
File: ot4enc.def 2005/09/27 v1.99g Standard LaTeX file
)
LaTeX Font Info:    Try loading font information for OT4+cmss on input line 346
.

("e:\Latex\MiKTeX 2.9\tex\latex\polski\ot4cmss.fd"
File: ot4cmss.fd 2008/02/24 v1.2.1 Font defs for fonts PL (MW)
)
LaTeX Font Info:    Overwriting math alphabet `\mathbf' in version `normal'
(Font)                  OT1/cmr/bx/n --> OT4/cmr/bx/n on input line 346.
LaTeX Font Info:    Overwriting math alphabet `\mathsf' in version `normal'
(Font)                  OT1/cmss/m/n --> OT4/cmss/m/n on input line 346.
LaTeX Font Info:    Overwriting math alphabet `\mathit' in version `normal'
(Font)                  OT1/cmr/m/it --> OT4/cmr/m/it on input line 346.
LaTeX Font Info:    Overwriting math alphabet `\mathtt' in version `normal'
(Font)                  OT1/cmtt/m/n --> OT4/cmtt/m/n on input line 346.
LaTeX Font Info:    Overwriting math alphabet `\mathsf' in version `bold'
(Font)                  OT1/cmss/bx/n --> OT4/cmss/bx/n on input line 346.
LaTeX Font Info:    Overwriting math alphabet `\mathit' in version `bold'
(Font)                  OT1/cmr/bx/it --> OT4/cmr/bx/it on input line 346.
LaTeX Font Info:    Encoding `OT1' has changed to `OT4' for symbol font
(Font)              `operators' in the math version `normal' on input line 346.

LaTeX Font Info:    Overwriting symbol font `operators' in version `normal'
(Font)                  OT1/cmr/m/n --> OT4/cmr/m/n on input line 346.
LaTeX Font Info:    Overwriting symbol font `letters' in version `normal'
(Font)                  OML/cmm/m/it --> OML/plm/m/it on input line 346.
LaTeX Font Info:    Overwriting symbol font `symbols' in version `normal'
(Font)                  OMS/cmsy/m/n --> OMS/plsy/m/n on input line 346.
LaTeX Font Info:    Overwriting symbol font `largesymbols' in version `normal'
(Font)                  OMX/cmex/m/n --> OMX/plex/m/n on input line 346.
LaTeX Font Info:    Encoding `OT1' has changed to `OT4' for symbol font
(Font)              `operators' in the math version `bold' on input line 346.
LaTeX Font Info:    Overwriting symbol font `operators' in version `bold'
(Font)                  OT1/cmr/bx/n --> OT4/cmr/bx/n on input line 346.
LaTeX Font Info:    Overwriting symbol font `letters' in version `bold'
(Font)                  OML/cmm/b/it --> OML/plm/b/it on input line 346.
LaTeX Font Info:    Overwriting symbol font `symbols' in version `bold'
(Font)                  OMS/cmsy/b/n --> OMS/plsy/b/n on input line 346.
)
("e:\Latex\MiKTeX 2.9\tex\latex\base\inputenc.sty"
Package: inputenc 2015/03/17 v1.2c Input encoding file
\inpenc@prehook=\toks43
\inpenc@posthook=\toks44

("e:\Latex\MiKTeX 2.9\tex\latex\ucs\utf8x.def"
File: utf8x.def 2004/10/17 UCS: Input encoding UTF-8
))
("e:\Latex\MiKTeX 2.9\tex\latex\ucs\ucs.sty"
Package: ucs 2013/05/11 v2.2 UCS: Unicode input support

("e:\Latex\MiKTeX 2.9\tex\latex\ucs\uni-global.def"
File: uni-global.def 2013/05/13 UCS: Unicode global data
)
\uc@secondtry=\count153
\uc@combtoks=\toks45
\uc@combtoksb=\toks46
\uc@temptokena=\toks47
)
("e:\Latex\MiKTeX 2.9\tex\latex\enumitem\enumitem.sty"
Package: enumitem 2011/09/28 v3.5.2 Customized lists
\labelindent=\skip57
\enit@outerparindent=\dimen188
\enit@toks=\toks48
\enit@inbox=\box53
\enitdp@description=\count154
)
("e:\Latex\MiKTeX 2.9\tex\latex\oberdiek\epstopdf.sty"
Package: epstopdf 2010/02/09 v2.5 Conversion with epstopdf on the fly (HO)

("e:\Latex\MiKTeX 2.9\tex\latex\oberdiek\epstopdf-base.sty"
Package: epstopdf-base 2010/02/09 v2.5 Base part for package epstopdf

("e:\Latex\MiKTeX 2.9\tex\latex\oberdiek\grfext.sty"
Package: grfext 2010/08/19 v1.1 Manage graphics extensions (HO)
)
Package grfext Info: Graphics extension search list:
(grfext)             [.png,.pdf,.jpg,.mps,.jpeg,.jbig2,.jb2,.PNG,.PDF,.JPG,.JPE
G,.JBIG2,.JB2,.eps]
(grfext)             \AppendGraphicsExtensions on input line 452.
))
\c@definicja=\count155
\c@przyklad=\count156
\c@twierdzenie=\count157
 (prezentacja.aux

LaTeX Warning: Label `fig:dodawanie' multiply defined.


LaTeX Warning: Label `fig:pierwiastek1' multiply defined.

)
\openout1 = `prezentacja.aux'.

LaTeX Font Info:    Checking defaults for OML/cmm/m/it on input line 39.
LaTeX Font Info:    ... okay on input line 39.
LaTeX Font Info:    Checking defaults for T1/cmr/m/n on input line 39.
LaTeX Font Info:    ... okay on input line 39.
LaTeX Font Info:    Checking defaults for OT1/cmr/m/n on input line 39.
LaTeX Font Info:    ... okay on input line 39.
LaTeX Font Info:    Checking defaults for OMS/cmsy/m/n on input line 39.
LaTeX Font Info:    ... okay on input line 39.
LaTeX Font Info:    Checking defaults for OMX/cmex/m/n on input line 39.
LaTeX Font Info:    ... okay on input line 39.
LaTeX Font Info:    Checking defaults for U/cmr/m/n on input line 39.
LaTeX Font Info:    ... okay on input line 39.
LaTeX Font Info:    Checking defaults for PD1/pdf/m/n on input line 39.
LaTeX Font Info:    ... okay on input line 39.
LaTeX Font Info:    Checking defaults for OT4/cmr/m/n on input line 39.
LaTeX Font Info:    Try loading font information for OT4+cmr on input line 39.
 ("e:\Latex\MiKTeX 2.9\tex\latex\polski\ot4cmr.fd"
File: ot4cmr.fd 2008/02/24 v1.2.1 Font defs for fonts PL (MW)
)
LaTeX Font Info:    ... okay on input line 39.

*geometry* driver: auto-detecting
*geometry* detected driver: pdftex
*geometry* verbose mode - [ preamble ] result:
* driver: pdftex
* paper: custom
* layout: <same size as paper>
* layoutoffset:(h,v)=(0.0pt,0.0pt)
* modes: includehead includefoot 
* h-part:(L,W,R)=(28.45274pt, 307.28987pt, 28.45274pt)
* v-part:(T,H,B)=(0.0pt, 273.14662pt, 0.0pt)
* \paperwidth=364.19536pt
* \paperheight=273.14662pt
* \textwidth=307.28987pt
* \textheight=244.6939pt
* \oddsidemargin=-43.81725pt
* \evensidemargin=-43.81725pt
* \topmargin=-72.26999pt
* \headheight=14.22636pt
* \headsep=0.0pt
* \topskip=11.0pt
* \footskip=14.22636pt
* \marginparwidth=4.0pt
* \marginparsep=10.0pt
* \columnsep=10.0pt
* \skip\footins=10.0pt plus 4.0pt minus 2.0pt
* \hoffset=0.0pt
* \voffset=0.0pt
* \mag=1000
* \@twocolumnfalse
* \@twosidefalse
* \@mparswitchfalse
* \@reversemarginfalse
* (1in=72.27pt=25.4mm, 1cm=28.453pt)

("e:\Latex\MiKTeX 2.9\tex\context\base\supp-pdf.mkii"
[Loading MPS to PDF converter (version 2006.09.02).]
\scratchcounter=\count158
\scratchdimen=\dimen189
\scratchbox=\box54
\nofMPsegments=\count159
\nofMParguments=\count160
\everyMPshowfont=\toks49
\MPscratchCnt=\count161
\MPscratchDim=\dimen190
\MPnumerator=\count162
\makeMPintoPDFobject=\count163
\everyMPtoPDFconversion=\toks50
) ABD: EveryShipout initializing macros
\AtBeginShipoutBox=\box55
Package hyperref Info: Link coloring OFF on input line 39.

("e:\Latex\MiKTeX 2.9\tex\latex\hyperref\nameref.sty"
Package: nameref 2012/10/27 v2.43 Cross-referencing by name of section

("e:\Latex\MiKTeX 2.9\tex\generic\oberdiek\gettitlestring.sty"
Package: gettitlestring 2010/12/03 v1.4 Cleanup title references (HO)
)
\c@section@level=\count164
)
LaTeX Info: Redefining \ref on input line 39.
LaTeX Info: Redefining \pageref on input line 39.
LaTeX Info: Redefining \nameref on input line 39.

(prezentacja.out) (prezentacja.out)
\@outlinefile=\write5
\openout5 = `prezentacja.out'.

LaTeX Font Info:    Encoding `OT4' has changed to `OT1' for symbol font
(Font)              `operators' in the math version `normal' on input line 39.
LaTeX Font Info:    Overwriting symbol font `operators' in version `normal'
(Font)                  OT4/cmr/m/n --> OT1/cmss/m/n on input line 39.
LaTeX Font Info:    Encoding `OT4' has changed to `OT1' for symbol font
(Font)              `operators' in the math version `bold' on input line 39.
LaTeX Font Info:    Overwriting symbol font `operators' in version `bold'
(Font)                  OT4/cmr/bx/n --> OT1/cmss/bx/n on input line 39.
\symnumbers=\mathgroup6
\sympureletters=\mathgroup7
LaTeX Font Info:    Overwriting math alphabet `\mathrm' in version `normal'
(Font)                  OT1/cmss/m/n --> OT4/cmr/m/n on input line 39.
LaTeX Font Info:    Redeclaring math alphabet \mathbf on input line 39.
LaTeX Font Info:    Overwriting math alphabet `\mathbf' in version `normal'
(Font)                  OT4/cmr/bx/n --> OT4/cmss/bx/n on input line 39.
LaTeX Font Info:    Overwriting math alphabet `\mathbf' in version `bold'
(Font)                  OT1/cmr/bx/n --> OT4/cmss/bx/n on input line 39.
LaTeX Font Info:    Redeclaring math alphabet \mathsf on input line 39.
LaTeX Font Info:    Overwriting math alphabet `\mathsf' in version `normal'
(Font)                  OT4/cmss/m/n --> OT4/cmss/m/n on input line 39.
LaTeX Font Info:    Overwriting math alphabet `\mathsf' in version `bold'
(Font)                  OT4/cmss/bx/n --> OT4/cmss/m/n on input line 39.
LaTeX Font Info:    Redeclaring math alphabet \mathit on input line 39.
LaTeX Font Info:    Overwriting math alphabet `\mathit' in version `normal'
(Font)                  OT4/cmr/m/it --> OT4/cmss/m/it on input line 39.
LaTeX Font Info:    Overwriting math alphabet `\mathit' in version `bold'
(Font)                  OT4/cmr/bx/it --> OT4/cmss/m/it on input line 39.
LaTeX Font Info:    Redeclaring math alphabet \mathtt on input line 39.
LaTeX Font Info:    Overwriting math alphabet `\mathtt' in version `normal'
(Font)                  OT4/cmtt/m/n --> OT4/cmtt/m/n on input line 39.
LaTeX Font Info:    Overwriting math alphabet `\mathtt' in version `bold'
(Font)                  OT1/cmtt/m/n --> OT4/cmtt/m/n on input line 39.
LaTeX Font Info:    Overwriting symbol font `numbers' in version `bold'
(Font)                  OT4/cmss/m/n --> OT4/cmss/bx/n on input line 39.
LaTeX Font Info:    Overwriting symbol font `pureletters' in version `bold'
(Font)                  OT4/cmss/m/it --> OT4/cmss/bx/it on input line 39.
LaTeX Font Info:    Overwriting math alphabet `\mathrm' in version `bold'
(Font)                  OT1/cmss/bx/n --> OT4/cmr/bx/n on input line 39.
LaTeX Font Info:    Overwriting math alphabet `\mathbf' in version `bold'
(Font)                  OT4/cmss/bx/n --> OT4/cmss/bx/n on input line 39.
LaTeX Font Info:    Overwriting math alphabet `\mathsf' in version `bold'
(Font)                  OT4/cmss/m/n --> OT4/cmss/bx/n on input line 39.
LaTeX Font Info:    Overwriting math alphabet `\mathit' in version `bold'
(Font)                  OT4/cmss/m/it --> OT4/cmss/bx/it on input line 39.
LaTeX Font Info:    Overwriting math alphabet `\mathtt' in version `bold'
(Font)                  OT4/cmtt/m/n --> OT4/cmtt/bx/n on input line 39.
LaTeX Font Info:    Redeclaring symbol font `pureletters' on input line 39.
LaTeX Font Info:    Encoding `OT4' has changed to `OT1' for symbol font
(Font)              `pureletters' in the math version `normal' on input line 39
.
LaTeX Font Info:    Overwriting symbol font `pureletters' in version `normal'
(Font)                  OT4/cmss/m/it --> OT1/mathkerncmss/m/sl on input line 3
9.
LaTeX Font Info:    Encoding `OT4' has changed to `OT1' for symbol font
(Font)              `pureletters' in the math version `bold' on input line 39.
LaTeX Font Info:    Overwriting symbol font `pureletters' in version `bold'
(Font)                  OT4/cmss/bx/it --> OT1/mathkerncmss/m/sl on input line 
39.
LaTeX Font Info:    Overwriting symbol font `pureletters' in version `bold'
(Font)                  OT1/mathkerncmss/m/sl --> OT1/mathkerncmss/bx/sl on inp
ut line 39.

("e:\Latex\MiKTeX 2.9\tex\latex\beamer\base\translator\dicts\translator-basic-d
ictionary\translator-basic-dictionary-English.dict"
Dictionary: translator-basic-dictionary, Language: English 
)
("e:\Latex\MiKTeX 2.9\tex\latex\beamer\base\translator\dicts\translator-bibliog
raphy-dictionary\translator-bibliography-dictionary-English.dict"
Dictionary: translator-bibliography-dictionary, Language: English 
)
("e:\Latex\MiKTeX 2.9\tex\latex\beamer\base\translator\dicts\translator-environ
ment-dictionary\translator-environment-dictionary-English.dict"
Dictionary: translator-environment-dictionary, Language: English 
)
("e:\Latex\MiKTeX 2.9\tex\latex\beamer\base\translator\dicts\translator-months-
dictionary\translator-months-dictionary-English.dict"
Dictionary: translator-months-dictionary, Language: English 
)
("e:\Latex\MiKTeX 2.9\tex\latex\beamer\base\translator\dicts\translator-numbers
-dictionary\translator-numbers-dictionary-English.dict"
Dictionary: translator-numbers-dictionary, Language: English 
)
("e:\Latex\MiKTeX 2.9\tex\latex\beamer\base\translator\dicts\translator-theorem
-dictionary\translator-theorem-dictionary-English.dict"
Dictionary: translator-theorem-dictionary, Language: English 
)
LaTeX Info: Redefining \includegraphics on input line 39.

("e:\Latex\MiKTeX 2.9\tex\latex\ucs\ucsencs.def"
File: ucsencs.def 2011/01/21 Fixes to fontencodings LGR, T3
) (prezentacja.nav) [1

{C:/Users/Fingal/AppData/Local/MiKTeX/2.9/pdftex/config/pdftex.map}]
Package epstopdf Info: Source file: <C1.eps>
(epstopdf)                    date: 2016-05-10 21:39:06
(epstopdf)                    size: 13678 bytes
(epstopdf)             Output file: <C1-eps-converted-to.pdf>
(epstopdf)                    date: 2016-05-10 21:40:14
(epstopdf)                    size: 3957 bytes
(epstopdf)             Command: <epstopdf --outfile=C1-eps-converted-to.pdf C1.
eps>
(epstopdf)             \includegraphics on input line 64.
Package epstopdf Info: Output file is already uptodate.

<C1-eps-converted-to.pdf, id=28, 1163.34625pt x 894.34125pt>
File: C1-eps-converted-to.pdf Graphic file (type pdf)

<use C1-eps-converted-to.pdf>
Package pdftex.def Info: C1-eps-converted-to.pdf used on input line 64.
(pdftex.def)             Requested size: 232.66513pt x 178.86508pt.
LaTeX Font Info:    Try loading font information for OML+plm on input line 64.
 ("e:\Latex\MiKTeX 2.9\tex\latex\polski\omlplm.fd"
File: omlplm.fd 2008/02/24 v1.2.1 Font defs for fonts PL (MW)
)
LaTeX Font Info:    Try loading font information for OMS+plsy on input line 64.

 ("e:\Latex\MiKTeX 2.9\tex\latex\polski\omsplsy.fd"
File: omsplsy.fd 2008/02/24 v1.2.1 Font defs for fonts PL (MW)
)
LaTeX Font Info:    Try loading font information for OMX+plex on input line 64.


("e:\Latex\MiKTeX 2.9\tex\latex\polski\omxplex.fd"
File: omxplex.fd 2008/02/24 v1.2.1 Font defs for fonts PL (MW)
)
LaTeX Font Info:    External font `plex10' loaded for size
(Font)              <10.95> on input line 64.
LaTeX Font Info:    External font `plex10' loaded for size
(Font)              <8> on input line 64.
LaTeX Font Info:    External font `plex10' loaded for size
(Font)              <6> on input line 64.
LaTeX Font Info:    Try loading font information for U+msa on input line 64.

("e:\Latex\MiKTeX 2.9\tex\latex\amsfonts\umsa.fd"
File: umsa.fd 2013/01/14 v3.01 AMS symbols A
)
LaTeX Font Info:    Try loading font information for U+msb on input line 64.

("e:\Latex\MiKTeX 2.9\tex\latex\amsfonts\umsb.fd"
File: umsb.fd 2013/01/14 v3.01 AMS symbols B
)
LaTeX Font Info:    Try loading font information for OT1+mathkerncmss on input 
line 64.

("e:\Latex\MiKTeX 2.9\tex\latex\sansmathaccent\ot1mathkerncmss.fd"
File: ot1mathkerncmss.fd 2013/03/27 Fontinst v1.933 font definitions for OT1/ma
thkerncmss.
)
("e:\Latex\MiKTeX 2.9\tex\latex\ucs\uni-1.def"
File: uni-1.def 2013/05/13 UCS: Unicode data U+0100..U+01FF
) [2

 <./C1-eps-converted-to.pdf>]
Package epstopdf Info: Source file: <C2.eps>
(epstopdf)                    date: 2016-05-10 21:39:17
(epstopdf)                    size: 16273 bytes
(epstopdf)             Output file: <C2-eps-converted-to.pdf>
(epstopdf)                    date: 2016-05-10 21:40:15
(epstopdf)                    size: 4137 bytes
(epstopdf)             Command: <epstopdf --outfile=C2-eps-converted-to.pdf C2.
eps>
(epstopdf)             \includegraphics on input line 80.
Package epstopdf Info: Output file is already uptodate.
<C2-eps-converted-to.pdf, id=40, 1187.43625pt x 915.42pt>
File: C2-eps-converted-to.pdf Graphic file (type pdf)

<use C2-eps-converted-to.pdf>
Package pdftex.def Info: C2-eps-converted-to.pdf used on input line 80.
(pdftex.def)             Requested size: 237.48305pt x 183.08075pt.
 ("e:\Latex\MiKTeX 2.9\tex\latex\ucs\uni-0.def"
File: uni-0.def 2013/05/13 UCS: Unicode data U+0000..U+00FF
)
[3

 <./C2-eps-converted-to.pdf>]
Package epstopdf Info: Source file: <P1.eps>
(epstopdf)                    date: 2016-05-10 21:39:33
(epstopdf)                    size: 11525 bytes
(epstopdf)             Output file: <P1-eps-converted-to.pdf>
(epstopdf)                    date: 2016-05-10 21:40:15
(epstopdf)                    size: 3164 bytes
(epstopdf)             Command: <epstopdf --outfile=P1-eps-converted-to.pdf P1.
eps>
(epstopdf)             \includegraphics on input line 95.
Package epstopdf Info: Output file is already uptodate.

<P1-eps-converted-to.pdf, id=49, 1163.34625pt x 894.34125pt>
File: P1-eps-converted-to.pdf Graphic file (type pdf)

<use P1-eps-converted-to.pdf>
Package pdftex.def Info: P1-eps-converted-to.pdf used on input line 95.
(pdftex.def)             Requested size: 232.66513pt x 178.86508pt.
 [4

 <./P1-eps-converted-to.pdf>]
Package epstopdf Info: Source file: <P2.eps>
(epstopdf)                    date: 2016-05-10 21:38:46
(epstopdf)                    size: 9935 bytes
(epstopdf)             Output file: <P2-eps-converted-to.pdf>
(epstopdf)                    date: 2016-05-10 21:40:15
(epstopdf)                    size: 3197 bytes
(epstopdf)             Command: <epstopdf --outfile=P2-eps-converted-to.pdf P2.
eps>
(epstopdf)             \includegraphics on input line 110.
Package epstopdf Info: Output file is already uptodate.

<P2-eps-converted-to.pdf, id=58, 1174.3875pt x 894.34125pt>
File: P2-eps-converted-to.pdf Graphic file (type pdf)

<use P2-eps-converted-to.pdf>
Package pdftex.def Info: P2-eps-converted-to.pdf used on input line 110.
(pdftex.def)             Requested size: 234.87334pt x 178.86508pt.
 [5

 <./P2-eps-converted-to.pdf>]
Package epstopdf Info: Source file: <P3.eps>
(epstopdf)                    date: 2016-05-10 21:39:49
(epstopdf)                    size: 8460 bytes
(epstopdf)             Output file: <P3-eps-converted-to.pdf>
(epstopdf)                    date: 2016-05-10 21:40:16
(epstopdf)                    size: 3104 bytes
(epstopdf)             Command: <epstopdf --outfile=P3-eps-converted-to.pdf P3.
eps>
(epstopdf)             \includegraphics on input line 125.
Package epstopdf Info: Output file is already uptodate.

<P3-eps-converted-to.pdf, id=67, 1171.37625pt x 894.34125pt>
File: P3-eps-converted-to.pdf Graphic file (type pdf)

<use P3-eps-converted-to.pdf>
Package pdftex.def Info: P3-eps-converted-to.pdf used on input line 125.
(pdftex.def)             Requested size: 234.2711pt x 178.86508pt.
 [6

 <./P3-eps-converted-to.pdf>]
LaTeX Font Info:    Font shape `OT4/cmss/m/it' in size <10.95> not available
(Font)              Font shape `OT4/cmss/m/sl' tried instead on input line 134.

 [7

]
Package epstopdf Info: Source file: <ex1.eps>
(epstopdf)                    date: 2016-05-10 23:36:14
(epstopdf)                    size: 11776 bytes
(epstopdf)             Output file: <ex1-eps-converted-to.pdf>
(epstopdf)                    date: 2016-05-10 23:36:26
(epstopdf)                    size: 3566 bytes
(epstopdf)             Command: <epstopdf --outfile=ex1-eps-converted-to.pdf ex
1.eps>
(epstopdf)             \includegraphics on input line 144.
Package epstopdf Info: Output file is already uptodate.

<ex1-eps-converted-to.pdf, id=83, 1817.79124pt x 1388.18625pt>
File: ex1-eps-converted-to.pdf Graphic file (type pdf)

<use ex1-eps-converted-to.pdf>
Package pdftex.def Info: ex1-eps-converted-to.pdf used on input line 144.
(pdftex.def)             Requested size: 181.78976pt x 138.82675pt.
 [8

 <./ex1-eps-converted-to.pdf>]
Package epstopdf Info: Source file: <ex2.eps>
(epstopdf)                    date: 2016-05-10 23:35:53
(epstopdf)                    size: 11989 bytes
(epstopdf)             Output file: <ex2-eps-converted-to.pdf>
(epstopdf)                    date: 2016-05-10 23:36:27
(epstopdf)                    size: 3580 bytes
(epstopdf)             Command: <epstopdf --outfile=ex2-eps-converted-to.pdf ex
2.eps>
(epstopdf)             \includegraphics on input line 154.
Package epstopdf Info: Output file is already uptodate.

<ex2-eps-converted-to.pdf, id=92, 1817.79124pt x 1388.18625pt>
File: ex2-eps-converted-to.pdf Graphic file (type pdf)

<use ex2-eps-converted-to.pdf>
Package pdftex.def Info: ex2-eps-converted-to.pdf used on input line 154.
(pdftex.def)             Requested size: 181.78976pt x 138.82675pt.
 [9

 <./ex2-eps-converted-to.pdf>]
Package epstopdf Info: Source file: <ex3.eps>
(epstopdf)                    date: 2016-05-10 23:33:23
(epstopdf)                    size: 31949 bytes
(epstopdf)             Output file: <ex3-eps-converted-to.pdf>
(epstopdf)                    date: 2016-05-10 23:36:27
(epstopdf)                    size: 4277 bytes
(epstopdf)             Command: <epstopdf --outfile=ex3-eps-converted-to.pdf ex
3.eps>
(epstopdf)             \includegraphics on input line 164.
Package epstopdf Info: Output file is already uptodate.

<ex3-eps-converted-to.pdf, id=101, 1817.79124pt x 1388.18625pt>
File: ex3-eps-converted-to.pdf Graphic file (type pdf)

<use ex3-eps-converted-to.pdf>
Package pdftex.def Info: ex3-eps-converted-to.pdf used on input line 164.
(pdftex.def)             Requested size: 181.78976pt x 138.82675pt.
 [10

 <./ex3-eps-converted-to.pdf>]
Package epstopdf Info: Source file: <ex4.eps>
(epstopdf)                    date: 2016-05-10 23:34:57
(epstopdf)                    size: 36941 bytes
(epstopdf)             Output file: <ex4-eps-converted-to.pdf>
(epstopdf)                    date: 2016-05-10 23:36:27
(epstopdf)                    size: 4959 bytes
(epstopdf)             Command: <epstopdf --outfile=ex4-eps-converted-to.pdf ex
4.eps>
(epstopdf)             \includegraphics on input line 174.
Package epstopdf Info: Output file is already uptodate.

<ex4-eps-converted-to.pdf, id=110, 1817.79124pt x 1388.18625pt>
File: ex4-eps-converted-to.pdf Graphic file (type pdf)

<use ex4-eps-converted-to.pdf>
Package pdftex.def Info: ex4-eps-converted-to.pdf used on input line 174.
(pdftex.def)             Requested size: 181.78976pt x 138.82675pt.
 [11

 <./ex4-eps-converted-to.pdf>] [12

]
Package epstopdf Info: Source file: <wsp.eps>
(epstopdf)                    date: 2016-05-11 00:29:01
(epstopdf)                    size: 70510 bytes
(epstopdf)             Output file: <wsp-eps-converted-to.pdf>
(epstopdf)                    date: 2016-05-11 00:29:31
(epstopdf)                    size: 11050 bytes
(epstopdf)             Command: <epstopdf --outfile=wsp-eps-converted-to.pdf ws
p.eps>
(epstopdf)             \includegraphics on input line 191.
Package epstopdf Info: Output file is already uptodate.

<wsp-eps-converted-to.pdf, id=126, 1275.76625pt x 987.69pt>
File: wsp-eps-converted-to.pdf Graphic file (type pdf)

<use wsp-eps-converted-to.pdf>
Package pdftex.def Info: wsp-eps-converted-to.pdf used on input line 191.
(pdftex.def)             Requested size: 191.35667pt x 148.14711pt.
 [13

 <./wsp-eps-converted-to.pdf>]
Package epstopdf Info: Source file: <suma.eps>
(epstopdf)                    date: 2016-05-11 19:44:55
(epstopdf)                    size: 53943 bytes
(epstopdf)             Output file: <suma-eps-converted-to.pdf>
(epstopdf)                    date: 2016-05-11 19:45:02
(epstopdf)                    size: 9225 bytes
(epstopdf)             Command: <epstopdf --outfile=suma-eps-converted-to.pdf s
uma.eps>
(epstopdf)             \includegraphics on input line 198.
Package epstopdf Info: Output file is already uptodate.

<suma-eps-converted-to.pdf, id=136, 1224.575pt x 944.52875pt>
File: suma-eps-converted-to.pdf Graphic file (type pdf)

<use suma-eps-converted-to.pdf>
Package pdftex.def Info: suma-eps-converted-to.pdf used on input line 198.
(pdftex.def)             Requested size: 183.67831pt x 141.67319pt.
pdfTeX warning (ext4): destination with the same identifier (name{fig:dodawanie
}) has been already used, duplicate ignored
<to be read again> 
                   \relax 
l.198 \end{frame}
                  [14

 <./suma-eps-converted-to.pdf>]
LaTeX Font Info:    External font `plex10' loaded for size
(Font)              <24.88> on input line 204.
LaTeX Font Info:    External font `plex10' loaded for size
(Font)              <20.74> on input line 204.
LaTeX Font Info:    External font `plex10' loaded for size
(Font)              <17.28> on input line 204.
 [15

]
Package epstopdf Info: Source file: <iloczyn1.eps>
(epstopdf)                    date: 2016-05-11 00:44:31
(epstopdf)                    size: 62530 bytes
(epstopdf)             Output file: <iloczyn1-eps-converted-to.pdf>
(epstopdf)                    date: 2016-05-11 00:44:39
(epstopdf)                    size: 9861 bytes
(epstopdf)             Command: <epstopdf --outfile=iloczyn1-eps-converted-to.p
df iloczyn1.eps>
(epstopdf)             \includegraphics on input line 211.
Package epstopdf Info: Output file is already uptodate.

<iloczyn1-eps-converted-to.pdf, id=152, 1259.70625pt x 1032.85875pt>
File: iloczyn1-eps-converted-to.pdf Graphic file (type pdf)

<use iloczyn1-eps-converted-to.pdf>
Package pdftex.def Info: iloczyn1-eps-converted-to.pdf used on input line 211.
(pdftex.def)             Requested size: 188.94778pt x 154.92212pt.
 [16

 <./iloczyn1-eps-converted-to.pdf>]
Package epstopdf Info: Source file: <iloczyn2.eps>
(epstopdf)                    date: 2016-05-11 00:46:52
(epstopdf)                    size: 57877 bytes
(epstopdf)             Output file: <iloczyn2-eps-converted-to.pdf>
(epstopdf)                    date: 2016-05-11 00:50:13
(epstopdf)                    size: 10323 bytes
(epstopdf)             Command: <epstopdf --outfile=iloczyn2-eps-converted-to.p
df iloczyn2.eps>
(epstopdf)             \includegraphics on input line 218.
Package epstopdf Info: Output file is already uptodate.

<iloczyn2-eps-converted-to.pdf, id=161, 1140.26pt x 937.5025pt>
File: iloczyn2-eps-converted-to.pdf Graphic file (type pdf)

<use iloczyn2-eps-converted-to.pdf>
Package pdftex.def Info: iloczyn2-eps-converted-to.pdf used on input line 218.
(pdftex.def)             Requested size: 171.03162pt x 140.61931pt.
 [17

 <./iloczyn2-eps-converted-to.pdf>]
[18

]
Package epstopdf Info: Source file: <iloraz.eps>
(epstopdf)                    date: 2016-05-11 20:07:13
(epstopdf)                    size: 50476 bytes
(epstopdf)             Output file: <iloraz-eps-converted-to.pdf>
(epstopdf)                    date: 2016-05-11 20:07:33
(epstopdf)                    size: 8421 bytes
(epstopdf)             Command: <epstopdf --outfile=iloraz-eps-converted-to.pdf
 iloraz.eps>
(epstopdf)             \includegraphics on input line 231.
Package epstopdf Info: Output file is already uptodate.
 <iloraz-eps-converted-to.pdf, id=175, 1259.70625pt x 1032.85875pt>
File: iloraz-eps-converted-to.pdf Graphic file (type pdf)

<use iloraz-eps-converted-to.pdf>
Package pdftex.def Info: iloraz-eps-converted-to.pdf used on input line 231.
(pdftex.def)             Requested size: 188.94778pt x 154.92212pt.
 [19

 <./iloraz-eps-converted-to.pdf>] [20

]
Package epstopdf Info: Source file: <pierwiastek1.eps>
(epstopdf)                    date: 2016-05-11 20:25:46
(epstopdf)                    size: 61376 bytes
(epstopdf)             Output file: <pierwiastek1-eps-converted-to.pdf>
(epstopdf)                    date: 2016-05-11 20:27:54
(epstopdf)                    size: 9982 bytes
(epstopdf)             Command: <epstopdf --outfile=pierwiastek1-eps-converted-
to.pdf pierwiastek1.eps>
(epstopdf)             \includegraphics on input line 244.
Package epstopdf Info: Output file is already uptodate.

<pierwiastek1-eps-converted-to.pdf, id=191, 1293.83376pt x 1056.94875pt>
File: pierwiastek1-eps-converted-to.pdf Graphic file (type pdf)

<use pierwiastek1-eps-converted-to.pdf>
Package pdftex.def Info: pierwiastek1-eps-converted-to.pdf used on input line 2
44.
(pdftex.def)             Requested size: 194.06668pt x 158.53546pt.
 [21

 <./pierwiastek1-eps-converted-to.pdf>]
Package epstopdf Info: Source file: <pierwiastek2.eps>
(epstopdf)                    date: 2016-05-11 20:27:37
(epstopdf)                    size: 55225 bytes
(epstopdf)             Output file: <pierwiastek2-eps-converted-to.pdf>
(epstopdf)                    date: 2016-05-11 20:27:54
(epstopdf)                    size: 9000 bytes
(epstopdf)             Command: <epstopdf --outfile=pierwiastek2-eps-converted-
to.pdf pierwiastek2.eps>
(epstopdf)             \includegraphics on input line 252.
Package epstopdf Info: Output file is already uptodate.
 <pierwiastek2-eps-converted-to.pdf, id=200, 1317.92375pt x 1076.02pt>
File: pierwiastek2-eps-converted-to.pdf Graphic file (type pdf)

<use pierwiastek2-eps-converted-to.pdf>
Package pdftex.def Info: pierwiastek2-eps-converted-to.pdf used on input line 2
52.
(pdftex.def)             Requested size: 197.68002pt x 161.39603pt.
pdfTeX warning (ext4): destination with the same identifier (name{fig:pierwiast
ek1}) has been already used, duplicate ignored
<to be read again> 
                   \relax 
l.252 \end{frame}
                  [22

 <./pierwiastek2-eps-converted-to.pdf>] [23

] [24

] [25

]
[26

] [27

]
\tf@nav=\write6
\openout6 = `prezentacja.nav'.

\tf@toc=\write7
\openout7 = `prezentacja.toc'.

\tf@snm=\write8
\openout8 = `prezentacja.snm'.

Package atveryend Info: Empty hook `BeforeClearDocument' on input line 297.
Package atveryend Info: Empty hook `AfterLastShipout' on input line 297.
 (prezentacja.aux)
Package atveryend Info: Executing hook `AtVeryEndDocument' on input line 297.
Package atveryend Info: Executing hook `AtEndAfterFileList' on input line 297.
Package rerunfilecheck Info: File `prezentacja.out' has not changed.
(rerunfilecheck)             Checksum: 2057559691A1E0AB91608C427880A6A0;101.


LaTeX Warning: There were multiply-defined labels.

Package atveryend Info: Empty hook `AtVeryVeryEnd' on input line 297.
 ) 
Here is how much of TeX's memory you used:
 18633 strings out of 493634
 341134 string characters out of 3146981
 409130 words of memory out of 3000000
 21492 multiletter control sequences out of 15000+200000
 19725 words of font info for 62 fonts, out of 3000000 for 9000
 1025 hyphenation exceptions out of 8191
 56i,11n,55p,627b,732s stack positions out of 5000i,500n,10000p,200000b,50000s
{e:/Latex/MiKTeX 2.9/fonts/enc/dvips/pl/plme.enc}{e:/Latex/MiKTeX 2.9/fonts/e
nc/dvips/pl/plms.enc}{e:/Latex/MiKTeX 2.9/fonts/enc/dvips/pl/plrm.enc}{e:/Latex
/MiKTeX 2.9/fonts/enc/dvips/pl/plmi.enc}<e:/Latex/MiKTeX 2.9/fonts/type1/public
/amsfonts/cm/cmss10.pfb><e:/Latex/MiKTeX 2.9/fonts/type1/public/amsfonts/cm/cms
s17.pfb><e:/Latex/MiKTeX 2.9/fonts/type1/public/amsfonts/cm/cmssi10.pfb><e:/Lat
ex/MiKTeX 2.9/fonts/type1/public/amsfonts/cm/cmssi17.pfb><e:/Latex/MiKTeX 2.9/f
onts/type1/public/amsfonts/cm/cmssi8.pfb><e:/Latex/MiKTeX 2.9/fonts/type1/publi
c/amsfonts/symbols/msam10.pfb><e:/Latex/MiKTeX 2.9/fonts/type1/public/amsfonts/
symbols/msbm10.pfb><e:/Latex/MiKTeX 2.9/fonts/type1/public/pl/plex10.pfb><e:/La
tex/MiKTeX 2.9/fonts/type1/public/pl/plmi10.pfb><e:/Latex/MiKTeX 2.9/fonts/type
1/public/pl/plmi12.pfb><e:/Latex/MiKTeX 2.9/fonts/type1/public/pl/plss10.pfb><e
:/Latex/MiKTeX 2.9/fonts/type1/public/pl/plss12.pfb><e:/Latex/MiKTeX 2.9/fonts/
type1/public/pl/plss17.pfb><e:/Latex/MiKTeX 2.9/fonts/type1/public/pl/plss8.pfb
><e:/Latex/MiKTeX 2.9/fonts/type1/public/pl/plssi10.pfb><e:/Latex/MiKTeX 2.9/fo
nts/type1/public/pl/plsy10.pfb><e:/Latex/MiKTeX 2.9/fonts/type1/public/pl/plsy8
.pfb>
Output written on prezentacja.pdf (27 pages, 215701 bytes).
PDF statistics:
 313 PDF objects out of 1000 (max. 8388607)
 71 named destinations out of 1000 (max. 500000)
 139 words of extra memory for PDF output out of 10000 (max. 10000000)

